# JRE version: OpenJDK Runtime Environment Temurin-17.0.20.1+1 (17.0.20.1+1) (build 17.0.20.1+1)
# Java VM: OpenJDK 64-Bit Server VM Temurin-17.0.20.1+1 (17.0.20.1+1, mixed mode, sharing, tiered, compressed oops, compressed class ptrs, g1 gc, windows-amd64)
GC Precious Log:
 CPUs: 4 total, 4 available
 Memory: 3818M
 Large Page Support: Disabled
 NUMA Support: Disabled
 Compressed Oops: Enabled (32-bit)
 Heap Region Size: 1M
 Heap Min Capacity: 8M
 Heap Initial Capacity: 60M
 Heap Max Capacity: 896M
 Pre-touch: Disabled
 Parallel Workers: 4
 Concurrent Workers: 1
 Concurrent Refinement Workers: 4
 Periodic GC: Disabled
Heap:
 garbage-first heap   total 155648K, used 86743K [0x00000000c8000000, 0x0000000100000000)
  region size 1024K, 2 young (2048K), 2 survivors (2048K)
 Metaspace       used 77838K, committed 78592K, reserved 344064K
  class space    used 10821K, committed 11200K, reserved 212992K
GC Heap History (20 events):
Event: 18.685 GC heap after
{Heap after GC invocations=55 (full 0):
 garbage-first heap   total 122880K, used 64903K [0x00000000c8000000, 0x0000000100000000)
  region size 1024K, 1 young (1024K), 1 survivors (1024K)
 Metaspace       used 70066K, committed 70720K, reserved 278528K
  class space    used 9932K, committed 10240K, reserved 212992K
}
Event: 18.985 GC heap before
{Heap before GC invocations=55 (full 0):
 garbage-first heap   total 122880K, used 101767K [0x00000000c8000000, 0x0000000100000000)
  region size 1024K, 37 young (37888K), 1 survivors (1024K)
 Metaspace       used 70074K, committed 70720K, reserved 278528K
  class space    used 9932K, committed 10240K, reserved 212992K
}
Event: 18.989 GC heap after
{Heap after GC invocations=56 (full 0):
 garbage-first heap   total 122880K, used 66205K [0x00000000c8000000, 0x0000000100000000)
  region size 1024K, 2 young (2048K), 2 survivors (2048K)
 Metaspace       used 70074K, committed 70720K, reserved 278528K
  class space    used 9932K, committed 10240K, reserved 212992K
}
Event: 19.433 GC heap before
{Heap before GC invocations=57 (full 0):
 garbage-first heap   total 124928K, used 103069K [0x00000000c8000000, 0x0000000100000000)
  region size 1024K, 38 young (38912K), 2 survivors (2048K)
 Metaspace       used 70131K, committed 70848K, reserved 278528K
  class space    used 9939K, committed 10304K, reserved 212992K
}
Event: 19.438 GC heap after
{Heap after GC invocations=58 (full 0):
 garbage-first heap   total 124928K, used 67502K [0x00000000c8000000, 0x0000000100000000)
  region size 1024K, 3 young (3072K), 3 survivors (3072K)
 Metaspace       used 70131K, committed 70848K, reserved 278528K
  class space    used 9939K, committed 10304K, reserved 212992K
}
Event: 19.446 GC heap before
{Heap before GC invocations=58 (full 0):
 garbage-first heap   total 124928K, used 70574K [0x00000000c8000000, 0x0000000100000000)
  region size 1024K, 6 young (6144K), 3 survivors (3072K)
 Metaspace       used 70131K, committed 70848K, reserved 278528K
  class space    used 9939K, committed 10304K, reserved 212992K
}
Event: 19.480 GC heap after
{Heap after GC invocations=59 (full 0):
 garbage-first heap   total 124928K, used 67155K [0x00000000c8000000, 0x0000000100000000)
  region size 1024K, 1 young (1024K), 1 survivors (1024K)
 Metaspace       used 70131K, committed 70848K, reserved 278528K
  class space    used 9939K, committed 10304K, reserved 212992K
}
Event: 20.116 GC heap before
{Heap before GC invocations=59 (full 0):
 garbage-first heap   total 124928K, used 87635K [0x00000000c8000000, 0x0000000100000000)
  region size 1024K, 22 young (22528K), 1 survivors (1024K)
 Metaspace       used 71208K, committed 72000K, reserved 278528K
  class space    used 10071K, committed 10432K, reserved 212992K
}
Event: 20.120 GC heap after
{Heap after GC invocations=60 (full 0):
 garbage-first heap   total 124928K, used 68028K [0x00000000c8000000, 0x0000000100000000)
  region size 1024K, 2 young (2048K), 2 survivors (2048K)
 Metaspace       used 71208K, committed 72000K, reserved 278528K
  class space    used 10071K, committed 10432K, reserved 212992K
}
Event: 20.888 GC heap before
{Heap before GC invocations=61 (full 0):
 garbage-first heap   total 124928K, used 112060K [0x00000000c8000000, 0x0000000100000000)
  region size 1024K, 37 young (37888K), 2 survivors (2048K)
 Metaspace       used 72737K, committed 73472K, reserved 278528K
  class space    used 10241K, committed 10560K, reserved 212992K
}
Event: 20.895 GC heap after
{Heap after GC invocations=62 (full 0):
 garbage-first heap   total 124928K, used 84151K [0x00000000c8000000, 0x0000000100000000)
  region size 1024K, 5 young (5120K), 5 survivors (5120K)
 Metaspace       used 72737K, committed 73472K, reserved 278528K
  class space    used 10241K, committed 10560K, reserved 212992K
}
Event: 20.916 GC heap before
{Heap before GC invocations=62 (full 0):
 garbage-first heap   total 124928K, used 84151K [0x00000000c8000000, 0x0000000100000000)
  region size 1024K, 6 young (6144K), 5 survivors (5120K)
 Metaspace       used 72824K, committed 73600K, reserved 278528K
  class space    used 10249K, committed 10624K, reserved 212992K
}
Event: 20.922 GC heap after
{Heap after GC invocations=63 (full 0):
 garbage-first heap   total 124928K, used 84102K [0x00000000c8000000, 0x0000000100000000)
  region size 1024K, 1 young (1024K), 1 survivors (1024K)
 Metaspace       used 72824K, committed 73600K, reserved 278528K
  class space    used 10249K, committed 10624K, reserved 212992K
}
Event: 21.234 GC heap before
{Heap before GC invocations=63 (full 0):
 garbage-first heap   total 124928K, used 104582K [0x00000000c8000000, 0x0000000100000000)
  region size 1024K, 22 young (22528K), 1 survivors (1024K)
 Metaspace       used 74712K, committed 75456K, reserved 278528K
  class space    used 10459K, committed 10816K, reserved 212992K
}
Event: 21.236 GC heap after
{Heap after GC invocations=64 (full 0):
 garbage-first heap   total 124928K, used 84710K [0x00000000c8000000, 0x0000000100000000)
  region size 1024K, 1 young (1024K), 1 survivors (1024K)
 Metaspace       used 74712K, committed 75456K, reserved 278528K
  class space    used 10459K, committed 10816K, reserved 212992K
}
Event: 21.551 GC heap before
{Heap before GC invocations=65 (full 0):
 garbage-first heap   total 155648K, used 105190K [0x00000000c8000000, 0x0000000100000000)
  region size 1024K, 21 young (21504K), 1 survivors (1024K)
 Metaspace       used 76342K, committed 77120K, reserved 344064K
  class space    used 10661K, committed 11008K, reserved 212992K
}
Event: 21.553 GC heap after
{Heap after GC invocations=66 (full 0):
 garbage-first heap   total 155648K, used 85095K [0x00000000c8000000, 0x0000000100000000)
  region size 1024K, 2 young (2048K), 2 survivors (2048K)
 Metaspace       used 76342K, committed 77120K, reserved 344064K
  class space    used 10661K, committed 11008K, reserved 212992K
}
Event: 21.603 GC heap before
{Heap before GC invocations=66 (full 0):
 garbage-first heap   total 155648K, used 89191K [0x00000000c8000000, 0x0000000100000000)
  region size 1024K, 7 young (7168K), 2 survivors (2048K)
 Metaspace       used 76916K, committed 77632K, reserved 344064K
  class space    used 10719K, committed 11072K, reserved 212992K
}
Event: 21.605 GC heap after
{Heap after GC invocations=67 (full 0):
 garbage-first heap   total 155648K, used 85729K [0x00000000c8000000, 0x0000000100000000)
  region size 1024K, 1 young (1024K), 1 survivors (1024K)
 Metaspace       used 76916K, committed 77632K, reserved 344064K
  class space    used 10719K, committed 11072K, reserved 212992K
}
Event: 21.758 GC heap before
{Heap before GC invocations=67 (full 0):
 garbage-first heap   total 155648K, used 88801K [0x00000000c8000000, 0x0000000100000000)
  region size 1024K, 5 young (5120K), 1 survivors (1024K)
 Metaspace       used 77838K, committed 78592K, reserved 344064K
  class space    used 10821K, committed 11200K, reserved 212992K
}

