# JRE version: OpenJDK Runtime Environment Temurin-17.0.20.1+1 (17.0.20.1+1) (build 17.0.20.1+1)
# Java VM: OpenJDK 64-Bit Server VM Temurin-17.0.20.1+1 (17.0.20.1+1, mixed mode, sharing, tiered, compressed oops, compressed class ptrs, g1 gc, windows-amd64)
GC Precious Log:
 CPUs: 4 total, 4 available
 Memory: 3818M
 Large Page Support: Disabled
 NUMA Support: Disabled
 Compressed Oops: Enabled (32-bit)
 Heap Region Size: 1M
 Heap Min Capacity: 8M
 Heap Initial Capacity: 60M
 Heap Max Capacity: 1280M
 Pre-touch: Disabled
 Parallel Workers: 4
 Concurrent Workers: 1
 Concurrent Refinement Workers: 4
 Periodic GC: Disabled
Heap:
 garbage-first heap   total 201728K, used 104681K [0x00000000b0000000, 0x0000000100000000)
  region size 1024K, 3 young (3072K), 2 survivors (2048K)
 Metaspace       used 100027K, committed 100864K, reserved 458752K
  class space    used 13880K, committed 14272K, reserved 327680K
GC Heap History (20 events):
Event: 40.378 GC heap before
{Heap before GC invocations=39 (full 0):
 garbage-first heap   total 153600K, used 124954K [0x00000000b0000000, 0x0000000100000000)
  region size 1024K, 62 young (63488K), 5 survivors (5120K)
 Metaspace       used 76948K, committed 77696K, reserved 458752K
  class space    used 10740K, committed 11136K, reserved 327680K
}
Event: 40.386 GC heap after
{Heap after GC invocations=40 (full 0):
 garbage-first heap   total 153600K, used 69606K [0x00000000b0000000, 0x0000000100000000)
  region size 1024K, 7 young (7168K), 7 survivors (7168K)
 Metaspace       used 76948K, committed 77696K, reserved 458752K
  class space    used 10740K, committed 11136K, reserved 327680K
}
Event: 51.058 GC heap before
{Heap before GC invocations=40 (full 0):
 garbage-first heap   total 153600K, used 134118K [0x00000000b0000000, 0x0000000100000000)
  region size 1024K, 63 young (64512K), 7 survivors (7168K)
 Metaspace       used 78841K, committed 79616K, reserved 458752K
  class space    used 10964K, committed 11328K, reserved 327680K
}
Event: 51.128 GC heap after
{Heap after GC invocations=41 (full 0):
 garbage-first heap   total 153600K, used 83980K [0x00000000b0000000, 0x0000000100000000)
  region size 1024K, 8 young (8192K), 8 survivors (8192K)
 Metaspace       used 78841K, committed 79616K, reserved 458752K
  class space    used 10964K, committed 11328K, reserved 327680K
}
Event: 52.412 GC heap before
{Heap before GC invocations=41 (full 0):
 garbage-first heap   total 153600K, used 124940K [0x00000000b0000000, 0x0000000100000000)
  region size 1024K, 47 young (48128K), 8 survivors (8192K)
 Metaspace       used 82109K, committed 82880K, reserved 458752K
  class space    used 11325K, committed 11712K, reserved 327680K
}
Event: 52.430 GC heap after
{Heap after GC invocations=42 (full 0):
 garbage-first heap   total 153600K, used 87915K [0x00000000b0000000, 0x0000000100000000)
  region size 1024K, 3 young (3072K), 3 survivors (3072K)
 Metaspace       used 82109K, committed 82880K, reserved 458752K
  class space    used 11325K, committed 11712K, reserved 327680K
}
Event: 53.082 GC heap before
{Heap before GC invocations=42 (full 0):
 garbage-first heap   total 153600K, used 131947K [0x00000000b0000000, 0x0000000100000000)
  region size 1024K, 40 young (40960K), 3 survivors (3072K)
 Metaspace       used 83958K, committed 84736K, reserved 458752K
  class space    used 11585K, committed 11968K, reserved 327680K
}
Event: 53.089 GC heap after
{Heap after GC invocations=43 (full 0):
 garbage-first heap   total 153600K, used 93037K [0x00000000b0000000, 0x0000000100000000)
  region size 1024K, 5 young (5120K), 5 survivors (5120K)
 Metaspace       used 83958K, committed 84736K, reserved 458752K
  class space    used 11585K, committed 11968K, reserved 327680K
}
Event: 53.648 GC heap before
{Heap before GC invocations=43 (full 0):
 garbage-first heap   total 153600K, used 125805K [0x00000000b0000000, 0x0000000100000000)
  region size 1024K, 37 young (37888K), 5 survivors (5120K)
 Metaspace       used 86335K, committed 87104K, reserved 458752K
  class space    used 11879K, committed 12224K, reserved 327680K
}
Event: 53.655 GC heap after
{Heap after GC invocations=44 (full 0):
 garbage-first heap   total 153600K, used 95326K [0x00000000b0000000, 0x0000000100000000)
  region size 1024K, 2 young (2048K), 2 survivors (2048K)
 Metaspace       used 86335K, committed 87104K, reserved 458752K
  class space    used 11879K, committed 12224K, reserved 327680K
}
Event: 54.610 GC heap before
{Heap before GC invocations=44 (full 0):
 garbage-first heap   total 153600K, used 127070K [0x00000000b0000000, 0x0000000100000000)
  region size 1024K, 33 young (33792K), 2 survivors (2048K)
 Metaspace       used 88749K, committed 89472K, reserved 458752K
  class space    used 12202K, committed 12544K, reserved 327680K
}
Event: 54.614 GC heap after
{Heap after GC invocations=45 (full 0):
 garbage-first heap   total 153600K, used 96405K [0x00000000b0000000, 0x0000000100000000)
  region size 1024K, 3 young (3072K), 3 survivors (3072K)
 Metaspace       used 88749K, committed 89472K, reserved 458752K
  class space    used 12202K, committed 12544K, reserved 327680K
}
Event: 55.012 GC heap before
{Heap before GC invocations=45 (full 0):
 garbage-first heap   total 153600K, used 118933K [0x00000000b0000000, 0x0000000100000000)
  region size 1024K, 26 young (26624K), 3 survivors (3072K)
 Metaspace       used 90592K, committed 91328K, reserved 458752K
  class space    used 12445K, committed 12800K, reserved 327680K
}
Event: 55.027 GC heap after
{Heap after GC invocations=46 (full 0):
 garbage-first heap   total 153600K, used 97045K [0x00000000b0000000, 0x0000000100000000)
  region size 1024K, 2 young (2048K), 2 survivors (2048K)
 Metaspace       used 90592K, committed 91328K, reserved 458752K
  class space    used 12445K, committed 12800K, reserved 327680K
}
Event: 55.671 GC heap before
{Heap before GC invocations=47 (full 0):
 garbage-first heap   total 196608K, used 124693K [0x00000000b0000000, 0x0000000100000000)
  region size 1024K, 29 young (29696K), 2 survivors (2048K)
 Metaspace       used 92371K, committed 93184K, reserved 458752K
  class space    used 12725K, committed 13120K, reserved 327680K
}
Event: 55.681 GC heap after
{Heap after GC invocations=48 (full 0):
 garbage-first heap   total 196608K, used 98069K [0x00000000b0000000, 0x0000000100000000)
  region size 1024K, 3 young (3072K), 3 survivors (3072K)
 Metaspace       used 92371K, committed 93184K, reserved 458752K
  class space    used 12725K, committed 13120K, reserved 327680K
}
Event: 55.873 GC heap before
{Heap before GC invocations=48 (full 0):
 garbage-first heap   total 196608K, used 103189K [0x00000000b0000000, 0x0000000100000000)
  region size 1024K, 9 young (9216K), 3 survivors (3072K)
 Metaspace       used 92502K, committed 93248K, reserved 458752K
  class space    used 12747K, committed 13120K, reserved 327680K
}
Event: 55.884 GC heap after
{Heap after GC invocations=49 (full 0):
 garbage-first heap   total 196608K, used 97983K [0x00000000b0000000, 0x0000000100000000)
  region size 1024K, 1 young (1024K), 1 survivors (1024K)
 Metaspace       used 92502K, committed 93248K, reserved 458752K
  class space    used 12747K, committed 13120K, reserved 327680K
}
Event: 57.738 GC heap before
{Heap before GC invocations=49 (full 0):
 garbage-first heap   total 196608K, used 164543K [0x00000000b0000000, 0x0000000100000000)
  region size 1024K, 67 young (68608K), 1 survivors (1024K)
 Metaspace       used 95675K, committed 96448K, reserved 458752K
  class space    used 13124K, committed 13504K, reserved 327680K
}
Event: 57.759 GC heap after
{Heap after GC invocations=50 (full 0):
 garbage-first heap   total 196608K, used 102747K [0x00000000b0000000, 0x0000000100000000)
  region size 1024K, 6 young (6144K), 6 survivors (6144K)
 Metaspace       used 95675K, committed 96448K, reserved 458752K
  class space    used 13124K, committed 13504K, reserved 327680K
}

